  [1m[35m (19.9ms)[0m  [1m[35mCREATE TABLE "schema_migrations" ("version" character varying PRIMARY KEY)[0m
  [1m[35m (10.5ms)[0m  [1m[35mCREATE TABLE "ar_internal_metadata" ("key" character varying PRIMARY KEY, "value" character varying, "created_at" timestamp NOT NULL, "updated_at" timestamp NOT NULL)[0m
  [1m[35m (18.0ms)[0m  [1m[34mSELECT pg_try_advisory_lock(2595453713315380680);[0m
  [1m[36mActiveRecord::SchemaMigration Load (1.5ms)[0m  [1m[34mSELECT "schema_migrations".* FROM "schema_migrations"[0m
Migrating to CreateHouses (20170224141757)
  [1m[35m (0.5ms)[0m  [1m[35mBEGIN[0m
  [1m[35m (13.1ms)[0m  [1m[35mCREATE TABLE "houses" ("id" serial primary key, "name" character varying, "sigil" character varying)[0m
  [1m[35mSQL (2.0ms)[0m  [1m[32mINSERT INTO "schema_migrations" ("version") VALUES ($1) RETURNING "version"[0m  [["version", "20170224141757"]]
  [1m[35m (1.7ms)[0m  [1m[35mCOMMIT[0m
Migrating to CreateCharacters (20170224141805)
  [1m[35m (0.6ms)[0m  [1m[35mBEGIN[0m
  [1m[35m (15.0ms)[0m  [1m[35mCREATE TABLE "characters" ("id" serial primary key, "name" character varying, "house_id" integer, CONSTRAINT "fk_rails_0cccfd842f"
FOREIGN KEY ("house_id")
  REFERENCES "houses" ("id")
)[0m
  [1m[35m (5.1ms)[0m  [1m[35mCREATE  INDEX  "index_characters_on_house_id" ON "characters"  ("house_id")[0m
  [1m[35mSQL (1.2ms)[0m  [1m[32mINSERT INTO "schema_migrations" ("version") VALUES ($1) RETURNING "version"[0m  [["version", "20170224141805"]]
  [1m[35m (2.7ms)[0m  [1m[35mCOMMIT[0m
  [1m[36mActiveRecord::InternalMetadata Load (1.8ms)[0m  [1m[34mSELECT  "ar_internal_metadata".* FROM "ar_internal_metadata" WHERE "ar_internal_metadata"."key" = $1 LIMIT $2[0m  [["key", :environment], ["LIMIT", 1]]
  [1m[35m (0.6ms)[0m  [1m[35mBEGIN[0m
  [1m[35mSQL (1.5ms)[0m  [1m[32mINSERT INTO "ar_internal_metadata" ("key", "value", "created_at", "updated_at") VALUES ($1, $2, $3, $4) RETURNING "key"[0m  [["key", "environment"], ["value", "development"], ["created_at", 2017-02-24 14:20:31 UTC], ["updated_at", 2017-02-24 14:20:31 UTC]]
  [1m[35m (2.1ms)[0m  [1m[35mCOMMIT[0m
  [1m[35m (1.5ms)[0m  [1m[34mSELECT pg_advisory_unlock(2595453713315380680)[0m
  [1m[36mActiveRecord::SchemaMigration Load (1.3ms)[0m  [1m[34mSELECT "schema_migrations".* FROM "schema_migrations"[0m
  [1m[36mActiveRecord::SchemaMigration Load (1.7ms)[0m  [1m[34mSELECT "schema_migrations".* FROM "schema_migrations"[0m
  [1m[36mActiveRecord::SchemaMigration Load (1.4ms)[0m  [1m[34mSELECT "schema_migrations".* FROM "schema_migrations"[0m
  [1m[36mCharacter Load (1.8ms)[0m  [1m[34mSELECT "characters".* FROM "characters"[0m
  [1m[36mHouse Load (1.3ms)[0m  [1m[34mSELECT "houses".* FROM "houses"[0m
  [1m[35m (0.9ms)[0m  [1m[35mBEGIN[0m
  [1m[35mSQL (1.5ms)[0m  [1m[32mINSERT INTO "houses" ("name", "sigil") VALUES ($1, $2) RETURNING "id"[0m  [["name", "Stark"], ["sigil", "Dire Wolf"]]
  [1m[35m (17.7ms)[0m  [1m[35mCOMMIT[0m
  [1m[36mActiveRecord::SchemaMigration Load (1.3ms)[0m  [1m[34mSELECT "schema_migrations".* FROM "schema_migrations"[0m
  [1m[35m (1.6ms)[0m  [1m[34mSELECT "ar_internal_metadata"."value" FROM "ar_internal_metadata" WHERE "ar_internal_metadata"."key" = $1[0m  [["key", :environment]]
  [1m[36mActiveRecord::SchemaMigration Load (1.0ms)[0m  [1m[34mSELECT "schema_migrations".* FROM "schema_migrations"[0m
  [1m[35m (0.8ms)[0m  [1m[34mSELECT "ar_internal_metadata"."value" FROM "ar_internal_metadata" WHERE "ar_internal_metadata"."key" = $1[0m  [["key", :environment]]
  [1m[36mActiveRecord::SchemaMigration Load (0.9ms)[0m  [1m[34mSELECT "schema_migrations".* FROM "schema_migrations"[0m
  [1m[35m (0.7ms)[0m  [1m[34mSELECT "ar_internal_metadata"."value" FROM "ar_internal_metadata" WHERE "ar_internal_metadata"."key" = $1[0m  [["key", :environment]]
  [1m[35m (146.9ms)[0m  [1m[35mDROP DATABASE IF EXISTS "got_development"[0m
  [1m[35m (123.0ms)[0m  [1m[35mDROP DATABASE IF EXISTS "got_test"[0m
  [1m[35m (13.2ms)[0m  [1m[35mCREATE TABLE "schema_migrations" ("version" character varying PRIMARY KEY)[0m
  [1m[35m (8.3ms)[0m  [1m[35mCREATE TABLE "ar_internal_metadata" ("key" character varying PRIMARY KEY, "value" character varying, "created_at" timestamp NOT NULL, "updated_at" timestamp NOT NULL)[0m
  [1m[35m (1.0ms)[0m  [1m[34mSELECT pg_try_advisory_lock(2595453713315380680);[0m
  [1m[36mActiveRecord::SchemaMigration Load (1.2ms)[0m  [1m[34mSELECT "schema_migrations".* FROM "schema_migrations"[0m
Migrating to CreateHouses (20170224141757)
  [1m[35m (0.5ms)[0m  [1m[35mBEGIN[0m
  [1m[35m (9.0ms)[0m  [1m[35mCREATE TABLE "houses" ("id" serial primary key, "name" character varying, "sigil" character varying)[0m
  [1m[35mSQL (1.7ms)[0m  [1m[32mINSERT INTO "schema_migrations" ("version") VALUES ($1) RETURNING "version"[0m  [["version", "20170224141757"]]
  [1m[35m (8.0ms)[0m  [1m[35mCOMMIT[0m
Migrating to CreateCharacters (20170224141805)
  [1m[35m (0.9ms)[0m  [1m[35mBEGIN[0m
  [1m[35m (12.3ms)[0m  [1m[35mCREATE TABLE "characters" ("id" serial primary key, "character_name" character varying, "house_id" integer, CONSTRAINT "fk_rails_0cccfd842f"
FOREIGN KEY ("house_id")
  REFERENCES "houses" ("id")
)[0m
  [1m[35m (11.9ms)[0m  [1m[35mCREATE  INDEX  "index_characters_on_house_id" ON "characters"  ("house_id")[0m
  [1m[35mSQL (0.8ms)[0m  [1m[32mINSERT INTO "schema_migrations" ("version") VALUES ($1) RETURNING "version"[0m  [["version", "20170224141805"]]
  [1m[35m (2.5ms)[0m  [1m[35mCOMMIT[0m
  [1m[36mActiveRecord::InternalMetadata Load (1.4ms)[0m  [1m[34mSELECT  "ar_internal_metadata".* FROM "ar_internal_metadata" WHERE "ar_internal_metadata"."key" = $1 LIMIT $2[0m  [["key", :environment], ["LIMIT", 1]]
  [1m[35m (0.9ms)[0m  [1m[35mBEGIN[0m
  [1m[35mSQL (1.3ms)[0m  [1m[32mINSERT INTO "ar_internal_metadata" ("key", "value", "created_at", "updated_at") VALUES ($1, $2, $3, $4) RETURNING "key"[0m  [["key", "environment"], ["value", "development"], ["created_at", 2017-02-24 14:45:19 UTC], ["updated_at", 2017-02-24 14:45:19 UTC]]
  [1m[35m (1.4ms)[0m  [1m[35mCOMMIT[0m
  [1m[35m (1.0ms)[0m  [1m[34mSELECT pg_advisory_unlock(2595453713315380680)[0m
  [1m[36mActiveRecord::SchemaMigration Load (1.0ms)[0m  [1m[34mSELECT "schema_migrations".* FROM "schema_migrations"[0m
  [1m[36mActiveRecord::SchemaMigration Load (1.0ms)[0m  [1m[34mSELECT "schema_migrations".* FROM "schema_migrations"[0m
  [1m[36mCharacter Load (1.5ms)[0m  [1m[34mSELECT "characters".* FROM "characters"[0m
  [1m[36mHouse Load (1.3ms)[0m  [1m[34mSELECT "houses".* FROM "houses"[0m
  [1m[35m (0.6ms)[0m  [1m[35mBEGIN[0m
  [1m[35mSQL (1.3ms)[0m  [1m[32mINSERT INTO "houses" ("name", "sigil") VALUES ($1, $2) RETURNING "id"[0m  [["name", "Stark"], ["sigil", "Dire Wolf"]]
  [1m[35m (2.9ms)[0m  [1m[35mCOMMIT[0m
  [1m[36mActiveRecord::SchemaMigration Load (1.2ms)[0m  [1m[34mSELECT "schema_migrations".* FROM "schema_migrations"[0m
  [1m[36mCharacter Load (1.6ms)[0m  [1m[34mSELECT "characters".* FROM "characters"[0m
  [1m[36mHouse Load (1.1ms)[0m  [1m[34mSELECT "houses".* FROM "houses"[0m
  [1m[35m (0.7ms)[0m  [1m[35mBEGIN[0m
  [1m[36mCharacter Load (1.5ms)[0m  [1m[34mSELECT "characters".* FROM "characters" WHERE "characters"."house_id" = $1[0m  [["house_id", 1]]
  [1m[35mSQL (4.8ms)[0m  [1m[31mDELETE FROM "houses" WHERE "houses"."id" = $1[0m  [["id", 1]]
  [1m[35m (2.2ms)[0m  [1m[35mCOMMIT[0m
  [1m[35m (1.3ms)[0m  [1m[35mBEGIN[0m
  [1m[35mSQL (3.3ms)[0m  [1m[32mINSERT INTO "houses" ("name", "sigil") VALUES ($1, $2) RETURNING "id"[0m  [["name", "Stark"], ["sigil", "Dire Wolf"]]
  [1m[35m (2.5ms)[0m  [1m[35mCOMMIT[0m
  [1m[36mActiveRecord::SchemaMigration Load (1.5ms)[0m  [1m[34mSELECT "schema_migrations".* FROM "schema_migrations"[0m
  [1m[36mCharacter Load (1.4ms)[0m  [1m[34mSELECT "characters".* FROM "characters"[0m
  [1m[36mHouse Load (1.3ms)[0m  [1m[34mSELECT "houses".* FROM "houses"[0m
  [1m[35m (0.7ms)[0m  [1m[35mBEGIN[0m
  [1m[36mCharacter Load (0.8ms)[0m  [1m[34mSELECT "characters".* FROM "characters" WHERE "characters"."house_id" = $1[0m  [["house_id", 2]]
  [1m[35mSQL (2.6ms)[0m  [1m[31mDELETE FROM "houses" WHERE "houses"."id" = $1[0m  [["id", 2]]
  [1m[35m (21.0ms)[0m  [1m[35mCOMMIT[0m
  [1m[35m (0.6ms)[0m  [1m[35mBEGIN[0m
  [1m[35mSQL (1.4ms)[0m  [1m[32mINSERT INTO "houses" ("name", "sigil") VALUES ($1, $2) RETURNING "id"[0m  [["name", "Stark"], ["sigil", "Dire Wolf"]]
  [1m[35m (1.7ms)[0m  [1m[35mCOMMIT[0m
  [1m[35m (0.5ms)[0m  [1m[35mBEGIN[0m
  [1m[35mSQL (1.9ms)[0m  [1m[32mINSERT INTO "characters" ("character_name", "house_id") VALUES ($1, $2) RETURNING "id"[0m  [["character_name", "Eddard Stark"], ["house_id", 3]]
  [1m[35m (1.1ms)[0m  [1m[35mCOMMIT[0m
  [1m[35m (0.5ms)[0m  [1m[35mBEGIN[0m
  [1m[35mSQL (1.0ms)[0m  [1m[32mINSERT INTO "houses" ("name", "sigil") VALUES ($1, $2) RETURNING "id"[0m  [["name", "Baratheon"], ["sigil", "Stag"]]
  [1m[35m (1.4ms)[0m  [1m[35mCOMMIT[0m
  [1m[35m (0.7ms)[0m  [1m[35mBEGIN[0m
  [1m[35mSQL (1.2ms)[0m  [1m[32mINSERT INTO "characters" ("character_name", "house_id") VALUES ($1, $2) RETURNING "id"[0m  [["character_name", "Robert Baratheon"], ["house_id", 4]]
  [1m[35m (1.2ms)[0m  [1m[35mCOMMIT[0m
  [1m[35m (0.5ms)[0m  [1m[35mBEGIN[0m
  [1m[35mSQL (1.3ms)[0m  [1m[32mINSERT INTO "houses" ("name", "sigil") VALUES ($1, $2) RETURNING "id"[0m  [["name", "Lannister"], ["sigil", "Lion"]]
  [1m[35m (1.5ms)[0m  [1m[35mCOMMIT[0m
  [1m[35m (0.7ms)[0m  [1m[35mBEGIN[0m
  [1m[35mSQL (1.5ms)[0m  [1m[32mINSERT INTO "characters" ("character_name", "house_id") VALUES ($1, $2) RETURNING "id"[0m  [["character_name", "Jamie Lannister"], ["house_id", 5]]
  [1m[35m (1.1ms)[0m  [1m[35mCOMMIT[0m
  [1m[35m (0.4ms)[0m  [1m[35mBEGIN[0m
  [1m[35mSQL (0.9ms)[0m  [1m[32mINSERT INTO "houses" ("name", "sigil") VALUES ($1, $2) RETURNING "id"[0m  [["name", "Targaryen"], ["sigil", "Dragon"]]
  [1m[35m (1.1ms)[0m  [1m[35mCOMMIT[0m
  [1m[35m (0.3ms)[0m  [1m[35mBEGIN[0m
  [1m[35mSQL (1.3ms)[0m  [1m[32mINSERT INTO "characters" ("character_name", "house_id") VALUES ($1, $2) RETURNING "id"[0m  [["character_name", "Rhaegar Targaryen"], ["house_id", 6]]
  [1m[35m (1.7ms)[0m  [1m[35mCOMMIT[0m
  [1m[35m (0.3ms)[0m  [1m[35mBEGIN[0m
  [1m[35mSQL (1.1ms)[0m  [1m[32mINSERT INTO "houses" ("name", "sigil") VALUES ($1, $2) RETURNING "id"[0m  [["name", "Royce"], ["sigil", "Rune"]]
  [1m[35m (1.8ms)[0m  [1m[35mCOMMIT[0m
  [1m[35m (0.4ms)[0m  [1m[35mBEGIN[0m
  [1m[35mSQL (1.2ms)[0m  [1m[32mINSERT INTO "characters" ("character_name", "house_id") VALUES ($1, $2) RETURNING "id"[0m  [["character_name", "Waymar Royce"], ["house_id", 7]]
  [1m[35m (1.4ms)[0m  [1m[35mCOMMIT[0m
Started GET "/" for 127.0.0.1 at 2017-02-24 09:54:11 -0500
  [1m[36mActiveRecord::SchemaMigration Load (1.6ms)[0m  [1m[34mSELECT "schema_migrations".* FROM "schema_migrations"[0m
Processing by Rails::WelcomeController#index as HTML
  Parameters: {"internal"=>true}
  Rendering /var/lib/gems/2.3.0/gems/railties-5.0.1/lib/rails/templates/rails/welcome/index.html.erb
  Rendered /var/lib/gems/2.3.0/gems/railties-5.0.1/lib/rails/templates/rails/welcome/index.html.erb (22.6ms)
Completed 200 OK in 160ms (Views: 100.0ms | ActiveRecord: 0.0ms)


Started GET "/" for 127.0.0.1 at 2017-02-24 10:17:12 -0500
  
SyntaxError (/home/adam/wdi/lab/game_of_thrones/got/config/routes.rb:7: syntax error, unexpected end-of-input, expecting keyword_end):
  
config/routes.rb:7: syntax error, unexpected end-of-input, expecting keyword_end
  Rendering /var/lib/gems/2.3.0/gems/actionpack-5.0.1/lib/action_dispatch/middleware/templates/rescues/diagnostics.html.erb within rescues/layout
  Rendering /var/lib/gems/2.3.0/gems/actionpack-5.0.1/lib/action_dispatch/middleware/templates/rescues/_source.html.erb
  Rendered /var/lib/gems/2.3.0/gems/actionpack-5.0.1/lib/action_dispatch/middleware/templates/rescues/_source.html.erb (50.7ms)
  Rendering /var/lib/gems/2.3.0/gems/actionpack-5.0.1/lib/action_dispatch/middleware/templates/rescues/_trace.html.erb
  Rendered /var/lib/gems/2.3.0/gems/actionpack-5.0.1/lib/action_dispatch/middleware/templates/rescues/_trace.html.erb (14.5ms)
  Rendering /var/lib/gems/2.3.0/gems/actionpack-5.0.1/lib/action_dispatch/middleware/templates/rescues/_request_and_response.html.erb
  Rendered /var/lib/gems/2.3.0/gems/actionpack-5.0.1/lib/action_dispatch/middleware/templates/rescues/_request_and_response.html.erb (3.6ms)
  Rendered /var/lib/gems/2.3.0/gems/actionpack-5.0.1/lib/action_dispatch/middleware/templates/rescues/diagnostics.html.erb within rescues/layout (271.8ms)
Started GET "/" for 127.0.0.1 at 2017-02-24 10:17:48 -0500
Processing by HousesController#index as HTML
  Rendering houses/index.html.erb within layouts/application
  [1m[36mHouse Load (4.7ms)[0m  [1m[34mSELECT "houses".* FROM "houses"[0m
  Rendered houses/index.html.erb within layouts/application (958.4ms)
Completed 500 Internal Server Error in 1023ms (ActiveRecord: 37.9ms)


  
ActionView::Template::Error (undefined local variable or method `new_artist_path' for #<#<Class:0x00000002faf760>:0x00000002fadfc8>
Did you mean?  new_house_path):
    1: <h2>Houses <%= link_to("(+)", new_artist_path)%></h2>
    2: 
    3: <ul>
    4:   <% @houses.each do |house| %>
  
app/views/houses/index.html.erb:1:in `_app_views_houses_index_html_erb__4326903856534739532_25027180'
  Rendering /var/lib/gems/2.3.0/gems/actionpack-5.0.1/lib/action_dispatch/middleware/templates/rescues/template_error.html.erb within rescues/layout
  Rendering /var/lib/gems/2.3.0/gems/actionpack-5.0.1/lib/action_dispatch/middleware/templates/rescues/_source.html.erb
  Rendered /var/lib/gems/2.3.0/gems/actionpack-5.0.1/lib/action_dispatch/middleware/templates/rescues/_source.html.erb (44.2ms)
  Rendering /var/lib/gems/2.3.0/gems/actionpack-5.0.1/lib/action_dispatch/middleware/templates/rescues/_trace.html.erb
  Rendered /var/lib/gems/2.3.0/gems/actionpack-5.0.1/lib/action_dispatch/middleware/templates/rescues/_trace.html.erb (26.4ms)
  Rendering /var/lib/gems/2.3.0/gems/actionpack-5.0.1/lib/action_dispatch/middleware/templates/rescues/_request_and_response.html.erb
  Rendered /var/lib/gems/2.3.0/gems/actionpack-5.0.1/lib/action_dispatch/middleware/templates/rescues/_request_and_response.html.erb (4.2ms)
  Rendered /var/lib/gems/2.3.0/gems/actionpack-5.0.1/lib/action_dispatch/middleware/templates/rescues/template_error.html.erb within rescues/layout (161.0ms)
Started GET "/" for 127.0.0.1 at 2017-02-24 10:18:09 -0500
Processing by HousesController#index as HTML
  Rendering houses/index.html.erb within layouts/application
  [1m[36mHouse Load (4.4ms)[0m  [1m[34mSELECT "houses".* FROM "houses"[0m
  Rendered houses/index.html.erb within layouts/application (17.4ms)
Completed 200 OK in 2133ms (Views: 2126.2ms | ActiveRecord: 4.4ms)


Started GET "/houses/new" for 127.0.0.1 at 2017-02-24 10:18:26 -0500
Processing by HousesController#new as HTML
  Rendering houses/new.html.erb within layouts/application
  Rendered houses/new.html.erb within layouts/application (179.1ms)
Completed 200 OK in 296ms (Views: 284.5ms | ActiveRecord: 0.0ms)


Started POST "/houses" for 127.0.0.1 at 2017-02-24 10:18:39 -0500
Processing by HousesController#create as HTML
  Parameters: {"utf8"=>"✓", "authenticity_token"=>"HCkPQLtw4mSfTKmMgGKs/aefb2ZewyHrPBNiva3VH/bxITkkIom9+HojVwCybD9tolSCXg8WdLpR+NCuRwIhHw==", "house"=>{"name"=>"Test", "sigil"=>"pencil"}, "commit"=>"Create House"}
  [1m[35m (1.4ms)[0m  [1m[35mBEGIN[0m
  [1m[35mSQL (2.2ms)[0m  [1m[32mINSERT INTO "houses" ("name", "sigil") VALUES ($1, $2) RETURNING "id"[0m  [["name", "Test"], ["sigil", "pencil"]]
  [1m[35m (7.4ms)[0m  [1m[35mCOMMIT[0m
Redirected to http://localhost:3000/houses/8
Completed 302 Found in 59ms (ActiveRecord: 11.0ms)


Started GET "/houses/8" for 127.0.0.1 at 2017-02-24 10:18:39 -0500
Processing by HousesController#show as HTML
  Parameters: {"id"=>"8"}
  [1m[36mHouse Load (3.9ms)[0m  [1m[34mSELECT  "houses".* FROM "houses" WHERE "houses"."id" = $1 LIMIT $2[0m  [["id", 8], ["LIMIT", 1]]
  Rendering houses/show.html.erb within layouts/application
  [1m[36mCharacter Load (7.9ms)[0m  [1m[34mSELECT "characters".* FROM "characters" WHERE "characters"."house_id" = $1[0m  [["house_id", 8]]
  Rendered houses/show.html.erb within layouts/application (237.2ms)
Completed 200 OK in 502ms (Views: 414.4ms | ActiveRecord: 17.8ms)


Started GET "/houses/8/characters/new" for 127.0.0.1 at 2017-02-24 10:18:43 -0500
Processing by CharactersController#new as HTML
  Parameters: {"house_id"=>"8"}
  [1m[36mHouse Load (3.6ms)[0m  [1m[34mSELECT  "houses".* FROM "houses" WHERE "houses"."id" = $1 LIMIT $2[0m  [["id", 8], ["LIMIT", 1]]
  Rendering characters/new.html.erb within layouts/application
  Rendered characters/new.html.erb within layouts/application (81.6ms)
Completed 200 OK in 410ms (Views: 242.4ms | ActiveRecord: 32.4ms)


Started POST "/houses/8/characters" for 127.0.0.1 at 2017-02-24 10:18:52 -0500
Processing by CharactersController#create as HTML
  Parameters: {"utf8"=>"✓", "authenticity_token"=>"efh5wFOmWQGcvjYUUVZQ0S0atwcdYeWAz7qXOb33Om6/7j+pslmEiupyfFYof3RAv22vq1P+8lqAfPc6L9ihfw==", "character"=>{"character_name"=>"tester mc testerman"}, "commit"=>"Create Character", "house_id"=>"8"}
  [1m[36mHouse Load (0.8ms)[0m  [1m[34mSELECT  "houses".* FROM "houses" WHERE "houses"."id" = $1 LIMIT $2[0m  [["id", 8], ["LIMIT", 1]]
Unpermitted parameter: character_name
  [1m[35m (2.0ms)[0m  [1m[35mBEGIN[0m
  [1m[35mSQL (14.0ms)[0m  [1m[32mINSERT INTO "characters" ("house_id") VALUES ($1) RETURNING "id"[0m  [["house_id", 8]]
  [1m[35m (2.0ms)[0m  [1m[35mCOMMIT[0m
Redirected to http://localhost:3000/characters/6
Completed 302 Found in 52ms (ActiveRecord: 18.9ms)


Started GET "/characters/6" for 127.0.0.1 at 2017-02-24 10:18:52 -0500
Processing by CharactersController#show as HTML
  Parameters: {"id"=>"6"}
  [1m[36mCharacter Load (1.9ms)[0m  [1m[34mSELECT  "characters".* FROM "characters" WHERE "characters"."id" = $1 LIMIT $2[0m  [["id", 6], ["LIMIT", 1]]
  Rendering characters/show.html.erb within layouts/application
  [1m[36mHouse Load (0.6ms)[0m  [1m[34mSELECT  "houses".* FROM "houses" WHERE "houses"."id" = $1 LIMIT $2[0m  [["id", 8], ["LIMIT", 1]]
  Rendered characters/show.html.erb within layouts/application (31.9ms)
Completed 200 OK in 125ms (Views: 108.6ms | ActiveRecord: 2.5ms)


Started GET "/houses/8" for 127.0.0.1 at 2017-02-24 10:18:56 -0500
Processing by HousesController#show as HTML
  Parameters: {"id"=>"8"}
  [1m[36mHouse Load (1.2ms)[0m  [1m[34mSELECT  "houses".* FROM "houses" WHERE "houses"."id" = $1 LIMIT $2[0m  [["id", 8], ["LIMIT", 1]]
  Rendering houses/show.html.erb within layouts/application
  [1m[36mCharacter Load (1.1ms)[0m  [1m[34mSELECT "characters".* FROM "characters" WHERE "characters"."house_id" = $1[0m  [["house_id", 8]]
  Rendered houses/show.html.erb within layouts/application (43.7ms)
Completed 500 Internal Server Error in 57ms (ActiveRecord: 2.3ms)


  
ActionView::Template::Error (undefined method `name' for #<Character id: 6, character_name: nil, house_id: 8>):
     5: 
     6: <ul>
     7:   <% @house.characters.each do |character| %>
     8:     <li><%= link_to "#{character.name}", character %></li>
     9:   <% end %>
    10: </ul>
  
app/views/houses/show.html.erb:8:in `block in _app_views_houses_show_html_erb__827126477688034470_70172867689100'
app/views/houses/show.html.erb:7:in `_app_views_houses_show_html_erb__827126477688034470_70172867689100'
  Rendering /var/lib/gems/2.3.0/gems/actionpack-5.0.1/lib/action_dispatch/middleware/templates/rescues/template_error.html.erb within rescues/layout
  Rendering /var/lib/gems/2.3.0/gems/actionpack-5.0.1/lib/action_dispatch/middleware/templates/rescues/_source.html.erb
  Rendered /var/lib/gems/2.3.0/gems/actionpack-5.0.1/lib/action_dispatch/middleware/templates/rescues/_source.html.erb (27.7ms)
  Rendering /var/lib/gems/2.3.0/gems/actionpack-5.0.1/lib/action_dispatch/middleware/templates/rescues/_trace.html.erb
  Rendered /var/lib/gems/2.3.0/gems/actionpack-5.0.1/lib/action_dispatch/middleware/templates/rescues/_trace.html.erb (4.4ms)
  Rendering /var/lib/gems/2.3.0/gems/actionpack-5.0.1/lib/action_dispatch/middleware/templates/rescues/_request_and_response.html.erb
  Rendered /var/lib/gems/2.3.0/gems/actionpack-5.0.1/lib/action_dispatch/middleware/templates/rescues/_request_and_response.html.erb (10.3ms)
  Rendered /var/lib/gems/2.3.0/gems/actionpack-5.0.1/lib/action_dispatch/middleware/templates/rescues/template_error.html.erb within rescues/layout (106.6ms)
Started GET "/houses/8" for 127.0.0.1 at 2017-02-24 10:19:22 -0500
Processing by HousesController#show as HTML
  Parameters: {"id"=>"8"}
  [1m[36mHouse Load (0.7ms)[0m  [1m[34mSELECT  "houses".* FROM "houses" WHERE "houses"."id" = $1 LIMIT $2[0m  [["id", 8], ["LIMIT", 1]]
  Rendering houses/show.html.erb within layouts/application
  [1m[36mCharacter Load (9.4ms)[0m  [1m[34mSELECT "characters".* FROM "characters" WHERE "characters"."house_id" = $1[0m  [["house_id", 8]]
  Rendered houses/show.html.erb within layouts/application (32.3ms)
Completed 200 OK in 154ms (Views: 131.8ms | ActiveRecord: 10.1ms)


Started GET "/houses" for 127.0.0.1 at 2017-02-24 10:19:36 -0500
Processing by HousesController#index as HTML
  Rendering houses/index.html.erb within layouts/application
  [1m[36mHouse Load (2.2ms)[0m  [1m[34mSELECT "houses".* FROM "houses"[0m
  Rendered houses/index.html.erb within layouts/application (21.9ms)
Completed 200 OK in 195ms (Views: 188.8ms | ActiveRecord: 2.2ms)


Started GET "/houses/4" for 127.0.0.1 at 2017-02-24 10:19:38 -0500
Processing by HousesController#show as HTML
  Parameters: {"id"=>"4"}
  [1m[36mHouse Load (1.2ms)[0m  [1m[34mSELECT  "houses".* FROM "houses" WHERE "houses"."id" = $1 LIMIT $2[0m  [["id", 4], ["LIMIT", 1]]
  Rendering houses/show.html.erb within layouts/application
  [1m[36mCharacter Load (0.8ms)[0m  [1m[34mSELECT "characters".* FROM "characters" WHERE "characters"."house_id" = $1[0m  [["house_id", 4]]
  Rendered houses/show.html.erb within layouts/application (12.8ms)
Completed 200 OK in 164ms (Views: 152.8ms | ActiveRecord: 2.0ms)


Started GET "/characters/2" for 127.0.0.1 at 2017-02-24 10:19:41 -0500
Processing by CharactersController#show as HTML
  Parameters: {"id"=>"2"}
  [1m[36mCharacter Load (1.1ms)[0m  [1m[34mSELECT  "characters".* FROM "characters" WHERE "characters"."id" = $1 LIMIT $2[0m  [["id", 2], ["LIMIT", 1]]
  Rendering characters/show.html.erb within layouts/application
  [1m[36mHouse Load (0.9ms)[0m  [1m[34mSELECT  "houses".* FROM "houses" WHERE "houses"."id" = $1 LIMIT $2[0m  [["id", 4], ["LIMIT", 1]]
  Rendered characters/show.html.erb within layouts/application (13.3ms)
Completed 200 OK in 241ms (Views: 228.8ms | ActiveRecord: 2.0ms)


Started GET "/characters/2/edit" for 127.0.0.1 at 2017-02-24 10:19:45 -0500
Processing by CharactersController#edit as HTML
  Parameters: {"id"=>"2"}
  [1m[36mCharacter Load (3.8ms)[0m  [1m[34mSELECT  "characters".* FROM "characters" WHERE "characters"."id" = $1 LIMIT $2[0m  [["id", 2], ["LIMIT", 1]]
  Rendering characters/edit.html.erb within layouts/application
  Rendered characters/edit.html.erb within layouts/application (29.6ms)
Completed 200 OK in 181ms (Views: 165.2ms | ActiveRecord: 3.8ms)


Started GET "/houses/4" for 127.0.0.1 at 2017-02-24 10:21:10 -0500
Processing by HousesController#show as HTML
  Parameters: {"id"=>"4"}
  [1m[36mHouse Load (32.4ms)[0m  [1m[34mSELECT  "houses".* FROM "houses" WHERE "houses"."id" = $1 LIMIT $2[0m  [["id", 4], ["LIMIT", 1]]
  Rendering houses/show.html.erb within layouts/application
  [1m[36mCharacter Load (1.9ms)[0m  [1m[34mSELECT "characters".* FROM "characters" WHERE "characters"."house_id" = $1[0m  [["house_id", 4]]
  Rendered houses/show.html.erb within layouts/application (28.5ms)
Completed 200 OK in 679ms (Views: 617.6ms | ActiveRecord: 34.3ms)


Started GET "/" for 127.0.0.1 at 2017-02-24 10:21:17 -0500
Processing by HousesController#index as HTML
  Rendering houses/index.html.erb within layouts/application
  [1m[36mHouse Load (1.9ms)[0m  [1m[34mSELECT "houses".* FROM "houses"[0m
  Rendered houses/index.html.erb within layouts/application (15.0ms)
Completed 200 OK in 140ms (Views: 129.9ms | ActiveRecord: 1.9ms)


Started GET "/" for 127.0.0.1 at 2017-02-24 10:22:35 -0500
Processing by HousesController#index as HTML
  Rendering houses/index.html.erb within layouts/application
  [1m[36mHouse Load (0.7ms)[0m  [1m[34mSELECT "houses".* FROM "houses"[0m
  Rendered houses/index.html.erb within layouts/application (18.0ms)
Completed 200 OK in 121ms (Views: 115.1ms | ActiveRecord: 0.7ms)


Started GET "/" for 127.0.0.1 at 2017-02-24 10:24:28 -0500
Processing by HousesController#index as HTML
  Rendering houses/index.html.erb within layouts/application
  [1m[36mHouse Load (2.6ms)[0m  [1m[34mSELECT "houses".* FROM "houses"[0m
  Rendered houses/index.html.erb within layouts/application (26.2ms)
Completed 200 OK in 160ms (Views: 135.5ms | ActiveRecord: 2.6ms)


Started GET "/houses" for 127.0.0.1 at 2017-02-24 10:24:31 -0500
Processing by HousesController#index as HTML
  Rendering houses/index.html.erb within layouts/application
  [1m[36mHouse Load (5.1ms)[0m  [1m[34mSELECT "houses".* FROM "houses"[0m
  Rendered houses/index.html.erb within layouts/application (22.3ms)
Completed 200 OK in 162ms (Views: 151.9ms | ActiveRecord: 5.1ms)


Started GET "/characters" for 127.0.0.1 at 2017-02-24 10:24:32 -0500
Processing by CharactersController#index as HTML
  Rendering characters/index.html.erb within layouts/application
  [1m[36mCharacter Load (6.5ms)[0m  [1m[34mSELECT "characters".* FROM "characters"[0m
  [1m[36mHouse Load (1.2ms)[0m  [1m[34mSELECT  "houses".* FROM "houses" WHERE "houses"."id" = $1 LIMIT $2[0m  [["id", 3], ["LIMIT", 1]]
  [1m[36mHouse Load (4.7ms)[0m  [1m[34mSELECT  "houses".* FROM "houses" WHERE "houses"."id" = $1 LIMIT $2[0m  [["id", 4], ["LIMIT", 1]]
  [1m[36mHouse Load (4.1ms)[0m  [1m[34mSELECT  "houses".* FROM "houses" WHERE "houses"."id" = $1 LIMIT $2[0m  [["id", 5], ["LIMIT", 1]]
  [1m[36mHouse Load (1.6ms)[0m  [1m[34mSELECT  "houses".* FROM "houses" WHERE "houses"."id" = $1 LIMIT $2[0m  [["id", 6], ["LIMIT", 1]]
  [1m[36mHouse Load (4.9ms)[0m  [1m[34mSELECT  "houses".* FROM "houses" WHERE "houses"."id" = $1 LIMIT $2[0m  [["id", 7], ["LIMIT", 1]]
  [1m[36mHouse Load (2.8ms)[0m  [1m[34mSELECT  "houses".* FROM "houses" WHERE "houses"."id" = $1 LIMIT $2[0m  [["id", 8], ["LIMIT", 1]]
  Rendered characters/index.html.erb within layouts/application (134.1ms)
Completed 200 OK in 286ms (Views: 248.5ms | ActiveRecord: 25.9ms)


Started GET "/characters/6" for 127.0.0.1 at 2017-02-24 10:24:36 -0500
Processing by CharactersController#show as HTML
  Parameters: {"id"=>"6"}
  [1m[36mCharacter Load (1.4ms)[0m  [1m[34mSELECT  "characters".* FROM "characters" WHERE "characters"."id" = $1 LIMIT $2[0m  [["id", 6], ["LIMIT", 1]]
  Rendering characters/show.html.erb within layouts/application
  [1m[36mHouse Load (3.7ms)[0m  [1m[34mSELECT  "houses".* FROM "houses" WHERE "houses"."id" = $1 LIMIT $2[0m  [["id", 8], ["LIMIT", 1]]
  Rendered characters/show.html.erb within layouts/application (16.2ms)
Completed 200 OK in 99ms (Views: 86.2ms | ActiveRecord: 5.1ms)


Started GET "/characters" for 127.0.0.1 at 2017-02-24 10:24:38 -0500
Processing by CharactersController#index as HTML
  Rendering characters/index.html.erb within layouts/application
  [1m[36mCharacter Load (2.2ms)[0m  [1m[34mSELECT "characters".* FROM "characters"[0m
  [1m[36mHouse Load (9.5ms)[0m  [1m[34mSELECT  "houses".* FROM "houses" WHERE "houses"."id" = $1 LIMIT $2[0m  [["id", 3], ["LIMIT", 1]]
  [1m[36mHouse Load (7.0ms)[0m  [1m[34mSELECT  "houses".* FROM "houses" WHERE "houses"."id" = $1 LIMIT $2[0m  [["id", 4], ["LIMIT", 1]]
  [1m[36mHouse Load (6.0ms)[0m  [1m[34mSELECT  "houses".* FROM "houses" WHERE "houses"."id" = $1 LIMIT $2[0m  [["id", 5], ["LIMIT", 1]]
  [1m[36mHouse Load (3.8ms)[0m  [1m[34mSELECT  "houses".* FROM "houses" WHERE "houses"."id" = $1 LIMIT $2[0m  [["id", 6], ["LIMIT", 1]]
  [1m[36mHouse Load (4.9ms)[0m  [1m[34mSELECT  "houses".* FROM "houses" WHERE "houses"."id" = $1 LIMIT $2[0m  [["id", 7], ["LIMIT", 1]]
  [1m[36mHouse Load (13.1ms)[0m  [1m[34mSELECT  "houses".* FROM "houses" WHERE "houses"."id" = $1 LIMIT $2[0m  [["id", 8], ["LIMIT", 1]]
  Rendered characters/index.html.erb within layouts/application (127.7ms)
Completed 200 OK in 239ms (Views: 190.2ms | ActiveRecord: 46.6ms)


Started GET "/characters" for 127.0.0.1 at 2017-02-24 10:25:32 -0500
Processing by CharactersController#index as HTML
  Rendering characters/index.html.erb within layouts/application
  [1m[36mCharacter Load (3.3ms)[0m  [1m[34mSELECT "characters".* FROM "characters"[0m
  [1m[36mHouse Load (2.7ms)[0m  [1m[34mSELECT  "houses".* FROM "houses" WHERE "houses"."id" = $1 LIMIT $2[0m  [["id", 3], ["LIMIT", 1]]
  [1m[36mHouse Load (0.4ms)[0m  [1m[34mSELECT  "houses".* FROM "houses" WHERE "houses"."id" = $1 LIMIT $2[0m  [["id", 4], ["LIMIT", 1]]
  [1m[36mHouse Load (0.5ms)[0m  [1m[34mSELECT  "houses".* FROM "houses" WHERE "houses"."id" = $1 LIMIT $2[0m  [["id", 5], ["LIMIT", 1]]
  [1m[36mHouse Load (0.6ms)[0m  [1m[34mSELECT  "houses".* FROM "houses" WHERE "houses"."id" = $1 LIMIT $2[0m  [["id", 6], ["LIMIT", 1]]
  [1m[36mHouse Load (1.1ms)[0m  [1m[34mSELECT  "houses".* FROM "houses" WHERE "houses"."id" = $1 LIMIT $2[0m  [["id", 7], ["LIMIT", 1]]
  [1m[36mHouse Load (10.2ms)[0m  [1m[34mSELECT  "houses".* FROM "houses" WHERE "houses"."id" = $1 LIMIT $2[0m  [["id", 8], ["LIMIT", 1]]
  Rendered characters/index.html.erb within layouts/application (82.9ms)
Completed 200 OK in 183ms (Views: 155.0ms | ActiveRecord: 18.8ms)


Started GET "/characters" for 127.0.0.1 at 2017-02-24 10:28:55 -0500
  [1m[36mActiveRecord::SchemaMigration Load (1.7ms)[0m  [1m[34mSELECT "schema_migrations".* FROM "schema_migrations"[0m
Processing by CharactersController#index as HTML
  Rendering characters/index.html.erb within layouts/application
  [1m[36mCharacter Load (2.2ms)[0m  [1m[34mSELECT "characters".* FROM "characters"[0m
  [1m[36mHouse Load (1.4ms)[0m  [1m[34mSELECT  "houses".* FROM "houses" WHERE "houses"."id" = $1 LIMIT $2[0m  [["id", 3], ["LIMIT", 1]]
  [1m[36mHouse Load (1.0ms)[0m  [1m[34mSELECT  "houses".* FROM "houses" WHERE "houses"."id" = $1 LIMIT $2[0m  [["id", 4], ["LIMIT", 1]]
  [1m[36mHouse Load (1.8ms)[0m  [1m[34mSELECT  "houses".* FROM "houses" WHERE "houses"."id" = $1 LIMIT $2[0m  [["id", 5], ["LIMIT", 1]]
  [1m[36mHouse Load (0.9ms)[0m  [1m[34mSELECT  "houses".* FROM "houses" WHERE "houses"."id" = $1 LIMIT $2[0m  [["id", 6], ["LIMIT", 1]]
  [1m[36mHouse Load (0.9ms)[0m  [1m[34mSELECT  "houses".* FROM "houses" WHERE "houses"."id" = $1 LIMIT $2[0m  [["id", 7], ["LIMIT", 1]]
  [1m[36mHouse Load (1.0ms)[0m  [1m[34mSELECT  "houses".* FROM "houses" WHERE "houses"."id" = $1 LIMIT $2[0m  [["id", 8], ["LIMIT", 1]]
  Rendered characters/index.html.erb within layouts/application (265.7ms)
Completed 200 OK in 1844ms (Views: 1720.7ms | ActiveRecord: 41.7ms)


Started GET "/" for 127.0.0.1 at 2017-02-24 10:29:06 -0500
Processing by HousesController#index as HTML
  Rendering houses/index.html.erb within layouts/application
  [1m[36mHouse Load (10.3ms)[0m  [1m[34mSELECT "houses".* FROM "houses"[0m
  Rendered houses/index.html.erb within layouts/application (36.7ms)
Completed 200 OK in 239ms (Views: 204.0ms | ActiveRecord: 10.3ms)


Started GET "/" for 127.0.0.1 at 2017-02-24 10:29:33 -0500
Processing by HousesController#index as HTML
  Rendering houses/index.html.erb within layouts/application
  [1m[36mHouse Load (2.1ms)[0m  [1m[34mSELECT "houses".* FROM "houses"[0m
  Rendered houses/index.html.erb within layouts/application (12.2ms)
Completed 200 OK in 678ms (Views: 651.1ms | ActiveRecord: 2.1ms)


Started GET "/" for 127.0.0.1 at 2017-02-24 10:30:17 -0500
Processing by HousesController#index as HTML
  Rendering houses/index.html.erb within layouts/application
  [1m[36mHouse Load (8.0ms)[0m  [1m[34mSELECT "houses".* FROM "houses"[0m
  Rendered houses/index.html.erb within layouts/application (80.6ms)
Completed 200 OK in 577ms (Views: 558.0ms | ActiveRecord: 8.0ms)


